<?xml version="1.0" encoding="UTF-8"?>
<testng-results skipped="0" failed="0" ignored="0" total="1" passed="1">
  <reporter-output>
  </reporter-output>
  <suite name="TestNG" duration-ms="12271" started-at="2018-06-02T11:02:51Z" finished-at="2018-06-02T11:03:04Z">
    <groups>
    </groups>
    <test name="1336_Tests_With_Priority" duration-ms="12271" started-at="2018-06-02T11:02:51Z" finished-at="2018-06-02T11:03:04Z">
      <class name="am.aca.tests.ui.FirstTest">
        <test-method status="PASS" signature="test1()[pri:0, instance:am.aca.tests.ui.FirstTest@79698539]" name="test1" duration-ms="12242" started-at="2018-06-02T11:02:51Z" finished-at="2018-06-02T11:03:04Z">
          <reporter-output>
          </reporter-output>
        </test-method> <!-- test1 -->
      </class> <!-- am.aca.tests.ui.FirstTest -->
    </test> <!-- 1336_Tests_With_Priority -->
  </suite> <!-- TestNG -->
</testng-results>
